<?xml version="1.0" encoding="UTF-8"?>
<testsuite xmlns:xsi="http://www.w3.org/2001/XMLSchema-instance" xsi:noNamespaceSchemaLocation="https://maven.apache.org/surefire/maven-surefire-plugin/xsd/surefire-test-report-3.0.xsd" version="3.0" name="com.placeti.avaliacao.ProjetoApiApplicationTests" time="6.463" tests="1" errors="0" skipped="0" failures="0">
  <properties>
[...]
</properties>
  <testcase name="contextLoads" classname="com.placeti.avaliacao.ProjetoApiApplicationTests" time="0.005">
    <system-out><![CDATA[2026-06-22T04:01:25.498-03:00  INFO 21492 --- [           main] t.c.s.AnnotationConfigContextLoaderUtils : Could not detect default configuration classes for test class [com.placeti.avaliacao.ProjetoApiApplicationTests]: ProjetoApiApplicationTests does not declare any static, non-private, non-final, nested classes annotated with @Configuration.
2026-06-22T04:01:25.522-03:00  INFO 21492 --- [           main] .b.t.c.SpringBootTestContextBootstrapper : Found @SpringBootConfiguration com.placeti.avaliacao.ProjetoApiApplication for test class com.placeti.avaliacao.ProjetoApiApplicationTests

  .   ____          _            __ _ _
 /\\ / ___'_ __ _ _(_)_ __  __ _ \ \ \ \
( ( )\___ | '_ | '_| | '_ \/ _` | \ \ \ \
 \\/  ___)| |_)| | | | | || (_| |  ) ) ) )
  '  |____| .__|_| |_|_| |_\__, | / / / /
 =========|_|==============|___/=/_/_/_/
 :: Spring Boot ::                (v3.2.5)

2026-06-22T04:01:25.600-03:00  INFO 21492 --- [           main] c.p.a.ProjetoApiApplicationTests         : Starting ProjetoApiApplicationTests using Java 22 with PID 21492 (started by diego in C:\Users\diego\OneDrive\Documentos\Coding\DesafioTecnicoPlaceIT\desafio_tecnico_ESTAG_2026\desafio-tecnico\backend-spring-boot)
2026-06-22T04:01:25.602-03:00  INFO 21492 --- [           main] c.p.a.ProjetoApiApplicationTests         : No active profile set, falling back to 1 default profile: "default"
2026-06-22T04:01:26.600-03:00  INFO 21492 --- [           main] .s.d.r.c.RepositoryConfigurationDelegate : Bootstrapping Spring Data JPA repositories in DEFAULT mode.
2026-06-22T04:01:26.779-03:00  INFO 21492 --- [           main] .s.d.r.c.RepositoryConfigurationDelegate : Finished Spring Data repository scanning in 149 ms. Found 2 JPA repository interfaces.
2026-06-22T04:01:27.667-03:00  INFO 21492 --- [           main] o.hibernate.jpa.internal.util.LogHelper  : HHH000204: Processing PersistenceUnitInfo [name: default]
2026-06-22T04:01:27.824-03:00  INFO 21492 --- [           main] org.hibernate.Version                    : HHH000412: Hibernate ORM core version 6.4.4.Final
2026-06-22T04:01:27.897-03:00  INFO 21492 --- [           main] o.h.c.internal.RegionFactoryInitiator    : HHH000026: Second-level cache disabled
2026-06-22T04:01:28.115-03:00  INFO 21492 --- [           main] o.s.o.j.p.SpringPersistenceUnitInfo      : No LoadTimeWeaver setup: ignoring JPA class transformer
2026-06-22T04:01:28.165-03:00  INFO 21492 --- [           main] com.zaxxer.hikari.HikariDataSource       : HikariPool-1 - Starting...
2026-06-22T04:01:28.530-03:00  INFO 21492 --- [           main] com.zaxxer.hikari.pool.HikariPool        : HikariPool-1 - Added connection conn0: url=jdbc:h2:mem:database user=ADMIN
2026-06-22T04:01:28.532-03:00  INFO 21492 --- [           main] com.zaxxer.hikari.HikariDataSource       : HikariPool-1 - Start completed.
2026-06-22T04:01:28.588-03:00  WARN 21492 --- [           main] org.hibernate.orm.deprecation            : HHH90000025: H2Dialect does not need to be specified explicitly using 'hibernate.dialect' (remove the property setting and it will be selected by default)
2026-06-22T04:01:30.215-03:00  INFO 21492 --- [           main] o.h.e.t.j.p.i.JtaPlatformInitiator       : HHH000489: No JTA platform available (set 'hibernate.transaction.jta.platform' to enable JTA platform integration)
2026-06-22T04:01:30.221-03:00  INFO 21492 --- [           main] j.LocalContainerEntityManagerFactoryBean : Initialized JPA EntityManagerFactory for persistence unit 'default'
2026-06-22T04:01:31.229-03:00  WARN 21492 --- [           main] JpaBaseConfiguration$JpaWebConfiguration : spring.jpa.open-in-view is enabled by default. Therefore, database queries may be performed during view rendering. Explicitly configure spring.jpa.open-in-view to disable this warning
2026-06-22T04:01:31.622-03:00  INFO 21492 --- [           main] o.s.b.a.h2.H2ConsoleAutoConfiguration    : H2 console available at '/h2-console'. Database available at 'jdbc:h2:mem:database'
2026-06-22T04:01:31.947-03:00  INFO 21492 --- [           main] c.p.a.ProjetoApiApplicationTests         : Started ProjetoApiApplicationTests in 6.407 seconds (process running for 17.191)
]]></system-out>
  </testcase>
</testsuite>